Start testing: Nov 10 17:33 EST
----------------------------------------------------------
1/1 Testing: test_kmeans
1/1 Test: test_kmeans
Command: "/home/jules/code/cpp/inf5171/tp2/inf5171-tp2-21.8.1-Source/build/bin/test_kmeans"
Directory: /home/jules/code/cpp/inf5171/tp2/inf5171-tp2-21.8.1-Source/build/test
"test_kmeans" start time: Nov 10 17:33 EST
Output:
----------------------------------------------------------
TEST serial
itérations  : 2
PASS 1 2 (10, 10) (10, 10) 3.32919e-13
PASS 0 1 (5, 5) (5, 5) 1.528e-13
PASS 2 0 (0, 0) (-8.39496e-17, -7.60842e-18) 8.42937e-17
TEST parallel
itérations : 2
PASS 1 2 (10, 10) (10, 10) 3.32919e-13
PASS 0 1 (5, 5) (5, 5) 1.528e-13
PASS 2 0 (0, 0) (-8.39496e-17, -7.60842e-18) 8.42937e-17
<end of output>
Test time =   4.83 sec
----------------------------------------------------------
Test Passed.
"test_kmeans" end time: Nov 10 17:33 EST
"test_kmeans" time elapsed: 00:00:04
----------------------------------------------------------

End testing: Nov 10 17:33 EST
